<?xml version="1.0" encoding="UTF-8"?>
<testng-results ignored="0" total="1" passed="1" failed="0" skipped="0">
  <reporter-output>
    <line>
      <![CDATA[hi jenkins]]>
    </line>
    <line>
      <![CDATA[Bye]]>
    </line>
  </reporter-output>
  <suite started-at="2025-12-04T14:06:59 IST" name="Default suite" finished-at="2025-12-04T14:06:59 IST" duration-ms="220">
    <groups>
    </groups>
    <test started-at="2025-12-04T14:06:59 IST" name="Default test" finished-at="2025-12-04T14:06:59 IST" duration-ms="220">
      <class name="jenkins.JenkinsPracticeTest">
        <test-method signature="jenkinsPracticeTest()[pri:0, instance:jenkins.JenkinsPracticeTest@7bab3f1a]" started-at="2025-12-04T14:06:59 IST" name="jenkinsPracticeTest" finished-at="2025-12-04T14:06:59 IST" duration-ms="28" status="PASS">
          <reporter-output>
            <line>
              <![CDATA[hi jenkins]]>
            </line>
            <line>
              <![CDATA[Bye]]>
            </line>
          </reporter-output>
        </test-method> <!-- jenkinsPracticeTest -->
      </class> <!-- jenkins.JenkinsPracticeTest -->
    </test> <!-- Default test -->
  </suite> <!-- Default suite -->
</testng-results>
