<?xml version="1.0" encoding="UTF-8"?>
<!-- Generated by org.testng.reporters.JUnitReportReporter -->
<testsuite hostname="ASHWINIJOLLE" failures="0" tests="1" name="jenkins.JenkinsPracticeTest" time="0.028" errors="0" timestamp="2025-12-04T14:07:00 IST" skipped="0">
  <testcase classname="jenkins.JenkinsPracticeTest" name="jenkinsPracticeTest" time="0.028">
    <system-out>
      <![CDATA[hi jenkins
Bye]]>
    </system-out>
  </testcase> <!-- jenkinsPracticeTest -->
  <system-out>
    <![CDATA[hi jenkins
Bye]]>
  </system-out>
</testsuite> <!-- jenkins.JenkinsPracticeTest -->
